000 (011.000.000) 2022-01-18 17:06:55 Job submitted from host: <172.31.84.174:9618?addrs=172.31.84.174-9618&alias=ip-172-31-84-174.ec2.internal&noUDP&sock=schedd_3717_219d>
    DAG Node: 2c_model_svc
...
040 (011.000.000) 2022-01-18 17:08:38 Started transferring input files
	Transferring to host: <172.31.82.140:9618?addrs=172.31.82.140-9618&alias=ip-172-31-82-140.ec2.internal&noUDP&sock=slot1_3742_53d1_12>
...
040 (011.000.000) 2022-01-18 17:08:38 Finished transferring input files
...
001 (011.000.000) 2022-01-18 17:08:39 Job executing on host: <172.31.82.140:9618?addrs=172.31.82.140-9618&alias=ip-172-31-82-140.ec2.internal&noUDP&sock=startd_3709_a4db>
...
006 (011.000.000) 2022-01-18 17:08:48 Image size of job updated: 745568
	246  -  MemoryUsage of job (MB)
	250948  -  ResidentSetSize of job (KB)
...
006 (011.000.000) 2022-01-18 17:13:49 Image size of job updated: 886732
	312  -  MemoryUsage of job (MB)
	319192  -  ResidentSetSize of job (KB)
...
040 (011.000.000) 2022-01-18 17:14:20 Started transferring output files
...
040 (011.000.000) 2022-01-18 17:14:20 Finished transferring output files
...
005 (011.000.000) 2022-01-18 17:14:20 Job terminated.
	(1) Normal termination (return value 0)
		Usr 0 00:05:37, Sys 0 00:00:00  -  Run Remote Usage
		Usr 0 00:00:00, Sys 0 00:00:00  -  Run Local Usage
		Usr 0 00:05:37, Sys 0 00:00:00  -  Total Remote Usage
		Usr 0 00:00:00, Sys 0 00:00:00  -  Total Local Usage
	70  -  Run Bytes Sent By Job
	1652  -  Run Bytes Received By Job
	70  -  Total Bytes Sent By Job
	1652  -  Total Bytes Received By Job
	Partitionable Resources :    Usage  Request Allocated 
	   Cpus                 :     1.00        1         1 
	   Disk (KB)            :    16           2   3091020 
	   Memory (MB)          :   312           1      3973 

	Job terminated of its own accord at 2022-01-18T17:14:20Z with exit-code 0.
...
000 (017.000.000) 2022-01-18 17:35:44 Job submitted from host: <172.31.84.174:9618?addrs=172.31.84.174-9618&alias=ip-172-31-84-174.ec2.internal&noUDP&sock=schedd_3717_219d>
    DAG Node: 2c_model_svc
...
040 (017.000.000) 2022-01-18 17:37:26 Started transferring input files
	Transferring to host: <172.31.82.140:9618?addrs=172.31.82.140-9618&alias=ip-172-31-82-140.ec2.internal&noUDP&sock=slot1_3742_53d1_17>
...
040 (017.000.000) 2022-01-18 17:37:26 Finished transferring input files
...
001 (017.000.000) 2022-01-18 17:37:27 Job executing on host: <172.31.82.140:9618?addrs=172.31.82.140-9618&alias=ip-172-31-82-140.ec2.internal&noUDP&sock=startd_3709_a4db>
...
006 (017.000.000) 2022-01-18 17:37:36 Image size of job updated: 727288
	244  -  MemoryUsage of job (MB)
	249388  -  ResidentSetSize of job (KB)
...
006 (017.000.000) 2022-01-18 17:42:37 Image size of job updated: 856460
	312  -  MemoryUsage of job (MB)
	319180  -  ResidentSetSize of job (KB)
...
040 (017.000.000) 2022-01-18 17:43:10 Started transferring output files
...
040 (017.000.000) 2022-01-18 17:43:10 Finished transferring output files
...
005 (017.000.000) 2022-01-18 17:43:10 Job terminated.
	(1) Normal termination (return value 0)
		Usr 0 00:05:39, Sys 0 00:00:00  -  Run Remote Usage
		Usr 0 00:00:00, Sys 0 00:00:00  -  Run Local Usage
		Usr 0 00:05:39, Sys 0 00:00:00  -  Total Remote Usage
		Usr 0 00:00:00, Sys 0 00:00:00  -  Total Local Usage
	108  -  Run Bytes Sent By Job
	1746  -  Run Bytes Received By Job
	108  -  Total Bytes Sent By Job
	1746  -  Total Bytes Received By Job
	Partitionable Resources :    Usage  Request Allocated 
	   Cpus                 :     1.00        1         1 
	   Disk (KB)            :    17           2   3091020 
	   Memory (MB)          :   312           1      3973 

	Job terminated of its own accord at 2022-01-18T17:43:10Z with exit-code 0.
...
000 (023.000.000) 2022-01-21 13:51:36 Job submitted from host: <172.31.84.174:9618?addrs=172.31.84.174-9618&alias=ip-172-31-84-174.ec2.internal&noUDP&sock=schedd_3156_54fc>
    DAG Node: 2c_model_svc
...
040 (023.000.000) 2022-01-21 13:51:56 Started transferring input files
	Transferring to host: <172.31.85.213:9618?addrs=172.31.85.213-9618&alias=ip-172-31-85-213.ec2.internal&noUDP&sock=slot1_3729_2af1_3>
...
040 (023.000.000) 2022-01-21 13:51:56 Finished transferring input files
...
001 (023.000.000) 2022-01-21 13:51:57 Job executing on host: <172.31.85.213:9618?addrs=172.31.85.213-9618&alias=ip-172-31-85-213.ec2.internal&noUDP&sock=startd_3696_ba20>
...
006 (023.000.000) 2022-01-21 13:52:06 Image size of job updated: 730420
	245  -  MemoryUsage of job (MB)
	250292  -  ResidentSetSize of job (KB)
...
006 (023.000.000) 2022-01-21 13:57:07 Image size of job updated: 840812
	312  -  MemoryUsage of job (MB)
	319072  -  ResidentSetSize of job (KB)
...
040 (023.000.000) 2022-01-21 13:58:46 Started transferring output files
...
040 (023.000.000) 2022-01-21 13:58:46 Finished transferring output files
...
005 (023.000.000) 2022-01-21 13:58:46 Job terminated.
	(1) Normal termination (return value 0)
		Usr 0 00:06:47, Sys 0 00:00:00  -  Run Remote Usage
		Usr 0 00:00:00, Sys 0 00:00:00  -  Run Local Usage
		Usr 0 00:06:47, Sys 0 00:00:00  -  Total Remote Usage
		Usr 0 00:00:00, Sys 0 00:00:00  -  Total Local Usage
	108  -  Run Bytes Sent By Job
	1746  -  Run Bytes Received By Job
	108  -  Total Bytes Sent By Job
	1746  -  Total Bytes Received By Job
	Partitionable Resources :    Usage  Request Allocated 
	   Cpus                 :     1.00        1         1 
	   Disk (KB)            :    16           2   3338318 
	   Memory (MB)          :   312           1      3973 

	Job terminated of its own accord at 2022-01-21T13:58:46Z with exit-code 0.
...
